c:\users\swins\documents\forsaken\libs_vs\luasocket-2.0.2\src\vc142.pdb
c:\users\swins\documents\forsaken\libs_vs\luasocket-2.0.2\src\vc142.idb
c:\users\swins\documents\forsaken\libs_vs\luasocket-2.0.2\src\auxiliar.obj
c:\users\swins\documents\forsaken\libs_vs\luasocket-2.0.2\src\buffer.obj
c:\users\swins\documents\forsaken\libs_vs\luasocket-2.0.2\src\except.obj
c:\users\swins\documents\forsaken\libs_vs\luasocket-2.0.2\src\inet.obj
c:\users\swins\documents\forsaken\libs_vs\luasocket-2.0.2\src\io.obj
c:\users\swins\documents\forsaken\libs_vs\luasocket-2.0.2\src\luasocket.obj
c:\users\swins\documents\forsaken\libs_vs\luasocket-2.0.2\src\options.obj
c:\users\swins\documents\forsaken\libs_vs\luasocket-2.0.2\src\select.obj
c:\users\swins\documents\forsaken\libs_vs\luasocket-2.0.2\src\tcp.obj
c:\users\swins\documents\forsaken\libs_vs\luasocket-2.0.2\src\timeout.obj
c:\users\swins\documents\forsaken\libs_vs\luasocket-2.0.2\src\udp.obj
c:\users\swins\documents\forsaken\libs_vs\luasocket-2.0.2\src\wsocket.obj
c:\users\swins\documents\forsaken\libs_vs\luasocket-2.0.2\src\socket.tlog\cl.command.1.tlog
c:\users\swins\documents\forsaken\libs_vs\luasocket-2.0.2\src\socket.tlog\cl.read.1.tlog
c:\users\swins\documents\forsaken\libs_vs\luasocket-2.0.2\src\socket.tlog\cl.write.1.tlog
c:\users\swins\documents\forsaken\libs_vs\luasocket-2.0.2\src\socket.tlog\link.command.1.tlog
c:\users\swins\documents\forsaken\libs_vs\luasocket-2.0.2\src\socket.tlog\link.read.1.tlog
c:\users\swins\documents\forsaken\libs_vs\luasocket-2.0.2\src\socket.tlog\link.write.1.tlog
