c:\users\swins\documents\forsaken\libs_vs\lpng1422\projects\vstudio\debug\libpng14.bsc
c:\users\swins\documents\forsaken\libs_vs\lpng1422\projects\vstudio\libpng\debug\libpng14.pch
c:\users\swins\documents\forsaken\libs_vs\lpng1422\projects\vstudio\libpng\debug\vc142.pdb
c:\users\swins\documents\forsaken\libs_vs\lpng1422\projects\vstudio\libpng\debug\png.sbr
c:\users\swins\documents\forsaken\libs_vs\lpng1422\projects\vstudio\libpng\debug\png.obj
c:\users\swins\documents\forsaken\libs_vs\lpng1422\projects\vstudio\libpng\debug\pngerror.sbr
c:\users\swins\documents\forsaken\libs_vs\lpng1422\projects\vstudio\libpng\debug\pngget.sbr
c:\users\swins\documents\forsaken\libs_vs\lpng1422\projects\vstudio\libpng\debug\pngmem.sbr
c:\users\swins\documents\forsaken\libs_vs\lpng1422\projects\vstudio\libpng\debug\pngpread.sbr
c:\users\swins\documents\forsaken\libs_vs\lpng1422\projects\vstudio\libpng\debug\pngread.sbr
c:\users\swins\documents\forsaken\libs_vs\lpng1422\projects\vstudio\libpng\debug\pngrio.sbr
c:\users\swins\documents\forsaken\libs_vs\lpng1422\projects\vstudio\libpng\debug\pngrtran.sbr
c:\users\swins\documents\forsaken\libs_vs\lpng1422\projects\vstudio\libpng\debug\pngrutil.sbr
c:\users\swins\documents\forsaken\libs_vs\lpng1422\projects\vstudio\libpng\debug\pngset.sbr
c:\users\swins\documents\forsaken\libs_vs\lpng1422\projects\vstudio\libpng\debug\pngtrans.sbr
c:\users\swins\documents\forsaken\libs_vs\lpng1422\projects\vstudio\libpng\debug\pngwio.sbr
c:\users\swins\documents\forsaken\libs_vs\lpng1422\projects\vstudio\libpng\debug\pngwrite.sbr
c:\users\swins\documents\forsaken\libs_vs\lpng1422\projects\vstudio\libpng\debug\pngwtran.sbr
c:\users\swins\documents\forsaken\libs_vs\lpng1422\projects\vstudio\libpng\debug\pngwutil.sbr
c:\users\swins\documents\forsaken\libs_vs\lpng1422\projects\vstudio\libpng\debug\pngwutil.obj
c:\users\swins\documents\forsaken\libs_vs\lpng1422\projects\vstudio\libpng\debug\pngwtran.obj
c:\users\swins\documents\forsaken\libs_vs\lpng1422\projects\vstudio\libpng\debug\pngwrite.obj
c:\users\swins\documents\forsaken\libs_vs\lpng1422\projects\vstudio\libpng\debug\pngwio.obj
c:\users\swins\documents\forsaken\libs_vs\lpng1422\projects\vstudio\libpng\debug\pngtrans.obj
c:\users\swins\documents\forsaken\libs_vs\lpng1422\projects\vstudio\libpng\debug\pngset.obj
c:\users\swins\documents\forsaken\libs_vs\lpng1422\projects\vstudio\libpng\debug\pngrutil.obj
c:\users\swins\documents\forsaken\libs_vs\lpng1422\projects\vstudio\libpng\debug\pngrtran.obj
c:\users\swins\documents\forsaken\libs_vs\lpng1422\projects\vstudio\libpng\debug\pngrio.obj
c:\users\swins\documents\forsaken\libs_vs\lpng1422\projects\vstudio\libpng\debug\pngread.obj
c:\users\swins\documents\forsaken\libs_vs\lpng1422\projects\vstudio\libpng\debug\pngpread.obj
c:\users\swins\documents\forsaken\libs_vs\lpng1422\projects\vstudio\libpng\debug\pngmem.obj
c:\users\swins\documents\forsaken\libs_vs\lpng1422\projects\vstudio\libpng\debug\pngget.obj
c:\users\swins\documents\forsaken\libs_vs\lpng1422\projects\vstudio\libpng\debug\pngerror.obj
c:\users\swins\documents\forsaken\libs_vs\lpng1422\projects\vstudio\debug\libpng14.lib
c:\users\swins\documents\forsaken\libs_vs\lpng1422\projects\vstudio\debug\libpng14.exp
c:\users\swins\documents\forsaken\libs_vs\lpng1422\projects\vstudio\debug\libpng14.dll
c:\users\swins\documents\forsaken\libs_vs\lpng1422\projects\vstudio\libpng\debug\libpng14.ipdb
c:\users\swins\documents\forsaken\libs_vs\lpng1422\projects\vstudio\libpng\debug\libpng14.iobj
c:\users\swins\documents\forsaken\libs_vs\lpng1422\projects\vstudio\debug\libpng14.pdb
c:\users\swins\documents\forsaken\libs_vs\lpng1422\projects\vstudio\libpng\debug\pngwin.res
c:\users\swins\documents\forsaken\libs_vs\lpng1422\projects\vstudio\libpng\debug\libpng.tlog\bscmake.command.1.tlog
c:\users\swins\documents\forsaken\libs_vs\lpng1422\projects\vstudio\libpng\debug\libpng.tlog\bscmake.read.1.tlog
c:\users\swins\documents\forsaken\libs_vs\lpng1422\projects\vstudio\libpng\debug\libpng.tlog\bscmake.write.1.tlog
c:\users\swins\documents\forsaken\libs_vs\lpng1422\projects\vstudio\libpng\debug\libpng.tlog\cl.command.1.tlog
c:\users\swins\documents\forsaken\libs_vs\lpng1422\projects\vstudio\libpng\debug\libpng.tlog\cl.read.1.tlog
c:\users\swins\documents\forsaken\libs_vs\lpng1422\projects\vstudio\libpng\debug\libpng.tlog\cl.write.1.tlog
c:\users\swins\documents\forsaken\libs_vs\lpng1422\projects\vstudio\libpng\debug\libpng.tlog\libpng.write.1u.tlog
c:\users\swins\documents\forsaken\libs_vs\lpng1422\projects\vstudio\libpng\debug\libpng.tlog\link.command.1.tlog
c:\users\swins\documents\forsaken\libs_vs\lpng1422\projects\vstudio\libpng\debug\libpng.tlog\link.read.1.tlog
c:\users\swins\documents\forsaken\libs_vs\lpng1422\projects\vstudio\libpng\debug\libpng.tlog\link.write.1.tlog
c:\users\swins\documents\forsaken\libs_vs\lpng1422\projects\vstudio\libpng\debug\libpng.tlog\rc.command.1.tlog
c:\users\swins\documents\forsaken\libs_vs\lpng1422\projects\vstudio\libpng\debug\libpng.tlog\rc.read.1.tlog
c:\users\swins\documents\forsaken\libs_vs\lpng1422\projects\vstudio\libpng\debug\libpng.tlog\rc.write.1.tlog
