c:\users\swins\documents\forsaken\libs_vs\lpng1422\projects\vstudio\zlib\debug\vc142.pdb
c:\users\swins\documents\forsaken\libs_vs\lpng1422\projects\vstudio\zlib\debug\zutil.obj
c:\users\swins\documents\forsaken\libs_vs\lpng1422\projects\vstudio\zlib\debug\uncompr.obj
c:\users\swins\documents\forsaken\libs_vs\lpng1422\projects\vstudio\zlib\debug\trees.obj
c:\users\swins\documents\forsaken\libs_vs\lpng1422\projects\vstudio\zlib\debug\inftrees.obj
c:\users\swins\documents\forsaken\libs_vs\lpng1422\projects\vstudio\zlib\debug\inflate.obj
c:\users\swins\documents\forsaken\libs_vs\lpng1422\projects\vstudio\zlib\debug\inffast.obj
c:\users\swins\documents\forsaken\libs_vs\lpng1422\projects\vstudio\zlib\debug\infback.obj
c:\users\swins\documents\forsaken\libs_vs\lpng1422\projects\vstudio\zlib\debug\deflate.obj
c:\users\swins\documents\forsaken\libs_vs\lpng1422\projects\vstudio\zlib\debug\crc32.obj
c:\users\swins\documents\forsaken\libs_vs\lpng1422\projects\vstudio\zlib\debug\compress.obj
c:\users\swins\documents\forsaken\libs_vs\lpng1422\projects\vstudio\zlib\debug\adler32.obj
c:\users\swins\documents\forsaken\libs_vs\lpng1422\projects\vstudio\debug\zlib.dll
c:\users\swins\documents\forsaken\libs_vs\lpng1422\projects\vstudio\zlib\debug\zlib.iobj
c:\users\swins\documents\forsaken\libs_vs\lpng1422\projects\vstudio\debug\zlib.pdb
c:\users\swins\documents\forsaken\libs_vs\lpng1422\projects\vstudio\debug\zlib.lib
c:\users\swins\documents\forsaken\libs_vs\lpng1422\projects\vstudio\debug\zlib.exp
c:\users\swins\documents\forsaken\libs_vs\lpng1422\projects\vstudio\zlib\debug\zlib.tlog\cl.command.1.tlog
c:\users\swins\documents\forsaken\libs_vs\lpng1422\projects\vstudio\zlib\debug\zlib.tlog\cl.read.1.tlog
c:\users\swins\documents\forsaken\libs_vs\lpng1422\projects\vstudio\zlib\debug\zlib.tlog\cl.write.1.tlog
c:\users\swins\documents\forsaken\libs_vs\lpng1422\projects\vstudio\zlib\debug\zlib.tlog\link.command.1.tlog
c:\users\swins\documents\forsaken\libs_vs\lpng1422\projects\vstudio\zlib\debug\zlib.tlog\link.read.1.tlog
c:\users\swins\documents\forsaken\libs_vs\lpng1422\projects\vstudio\zlib\debug\zlib.tlog\link.write.1.tlog
c:\users\swins\documents\forsaken\libs_vs\lpng1422\projects\vstudio\zlib\debug\zlib.tlog\zlib.write.1u.tlog
